# JRE version: OpenJDK Runtime Environment Temurin-17.0.7+7 (17.0.7+7) (build 17.0.7+7)
# Java VM: OpenJDK 64-Bit Server VM Temurin-17.0.7+7 (17.0.7+7, mixed mode, emulated-client, tiered, compressed oops, compressed class ptrs, g1 gc, windows-amd64)
GC Precious Log:
 CPUs: 6 total, 6 available
 Memory: 16319M
 Large Page Support: Disabled
 NUMA Support: Disabled
 Compressed Oops: Enabled (32-bit)
 Heap Region Size: 1M
 Heap Min Capacity: 8M
 Heap Initial Capacity: 256M
 Heap Max Capacity: 1G
 Pre-touch: Disabled
 Parallel Workers: 6
 Concurrent Workers: 2
 Concurrent Refinement Workers: 6
 Periodic GC: Disabled
Heap:
 garbage-first heap   total 122880K, used 36639K [0x00000000c0000000, 0x0000000100000000)
  region size 1024K, 1 young (1024K), 0 survivors (0K)
 Metaspace       used 61744K, committed 62144K, reserved 1114112K
  class space    used 8062K, committed 8256K, reserved 1048576K
GC Heap History (20 events):
Event: 103215.734 GC heap before
{Heap before GC invocations=5279 (full 5222):
 garbage-first heap   total 122880K, used 36639K [0x00000000c0000000, 0x0000000100000000)
  region size 1024K, 1 young (1024K), 0 survivors (0K)
 Metaspace       used 61744K, committed 62144K, reserved 1114112K
  class space    used 8062K, committed 8256K, reserved 1048576K
}
Event: 103215.765 GC heap after
{Heap after GC invocations=5280 (full 5223):
 garbage-first heap   total 122880K, used 36639K [0x00000000c0000000, 0x0000000100000000)
  region size 1024K, 0 young (0K), 0 survivors (0K)
 Metaspace       used 61744K, committed 62144K, reserved 1114112K
  class space    used 8062K, committed 8256K, reserved 1048576K
}
Event: 103225.876 GC heap before
{Heap before GC invocations=5280 (full 5223):
 garbage-first heap   total 122880K, used 36639K [0x00000000c0000000, 0x0000000100000000)
  region size 1024K, 1 young (1024K), 0 survivors (0K)
 Metaspace       used 61744K, committed 62144K, reserved 1114112K
  class space    used 8062K, committed 8256K, reserved 1048576K
}
Event: 103225.913 GC heap after
{Heap after GC invocations=5281 (full 5224):
 garbage-first heap   total 122880K, used 36639K [0x00000000c0000000, 0x0000000100000000)
  region size 1024K, 0 young (0K), 0 survivors (0K)
 Metaspace       used 61744K, committed 62144K, reserved 1114112K
  class space    used 8062K, committed 8256K, reserved 1048576K
}
Event: 103236.025 GC heap before
{Heap before GC invocations=5281 (full 5224):
 garbage-first heap   total 122880K, used 36639K [0x00000000c0000000, 0x0000000100000000)
  region size 1024K, 1 young (1024K), 0 survivors (0K)
 Metaspace       used 61744K, committed 62144K, reserved 1114112K
  class space    used 8062K, committed 8256K, reserved 1048576K
}
Event: 103236.057 GC heap after
{Heap after GC invocations=5282 (full 5225):
 garbage-first heap   total 122880K, used 36639K [0x00000000c0000000, 0x0000000100000000)
  region size 1024K, 0 young (0K), 0 survivors (0K)
 Metaspace       used 61744K, committed 62144K, reserved 1114112K
  class space    used 8062K, committed 8256K, reserved 1048576K
}
Event: 103246.157 GC heap before
{Heap before GC invocations=5282 (full 5225):
 garbage-first heap   total 122880K, used 36639K [0x00000000c0000000, 0x0000000100000000)
  region size 1024K, 1 young (1024K), 0 survivors (0K)
 Metaspace       used 61744K, committed 62144K, reserved 1114112K
  class space    used 8062K, committed 8256K, reserved 1048576K
}
Event: 103246.189 GC heap after
{Heap after GC invocations=5283 (full 5226):
 garbage-first heap   total 122880K, used 36639K [0x00000000c0000000, 0x0000000100000000)
  region size 1024K, 0 young (0K), 0 survivors (0K)
 Metaspace       used 61744K, committed 62144K, reserved 1114112K
  class space    used 8062K, committed 8256K, reserved 1048576K
}
Event: 103256.296 GC heap before
{Heap before GC invocations=5283 (full 5226):
 garbage-first heap   total 122880K, used 36639K [0x00000000c0000000, 0x0000000100000000)
  region size 1024K, 1 young (1024K), 0 survivors (0K)
 Metaspace       used 61744K, committed 62144K, reserved 1114112K
  class space    used 8062K, committed 8256K, reserved 1048576K
}
Event: 103256.327 GC heap after
{Heap after GC invocations=5284 (full 5227):
 garbage-first heap   total 122880K, used 36639K [0x00000000c0000000, 0x0000000100000000)
  region size 1024K, 0 young (0K), 0 survivors (0K)
 Metaspace       used 61744K, committed 62144K, reserved 1114112K
  class space    used 8062K, committed 8256K, reserved 1048576K
}
Event: 103266.436 GC heap before
{Heap before GC invocations=5284 (full 5227):
 garbage-first heap   total 122880K, used 36639K [0x00000000c0000000, 0x0000000100000000)
  region size 1024K, 1 young (1024K), 0 survivors (0K)
 Metaspace       used 61744K, committed 62144K, reserved 1114112K
  class space    used 8062K, committed 8256K, reserved 1048576K
}
Event: 103266.467 GC heap after
{Heap after GC invocations=5285 (full 5228):
 garbage-first heap   total 122880K, used 36639K [0x00000000c0000000, 0x0000000100000000)
  region size 1024K, 0 young (0K), 0 survivors (0K)
 Metaspace       used 61744K, committed 62144K, reserved 1114112K
  class space    used 8062K, committed 8256K, reserved 1048576K
}
Event: 103276.568 GC heap before
{Heap before GC invocations=5285 (full 5228):
 garbage-first heap   total 122880K, used 36639K [0x00000000c0000000, 0x0000000100000000)
  region size 1024K, 1 young (1024K), 0 survivors (0K)
 Metaspace       used 61744K, committed 62144K, reserved 1114112K
  class space    used 8062K, committed 8256K, reserved 1048576K
}
Event: 103276.604 GC heap after
{Heap after GC invocations=5286 (full 5229):
 garbage-first heap   total 122880K, used 36639K [0x00000000c0000000, 0x0000000100000000)
  region size 1024K, 0 young (0K), 0 survivors (0K)
 Metaspace       used 61744K, committed 62144K, reserved 1114112K
  class space    used 8062K, committed 8256K, reserved 1048576K
}
Event: 103286.706 GC heap before
{Heap before GC invocations=5286 (full 5229):
 garbage-first heap   total 122880K, used 36639K [0x00000000c0000000, 0x0000000100000000)
  region size 1024K, 1 young (1024K), 0 survivors (0K)
 Metaspace       used 61744K, committed 62144K, reserved 1114112K
  class space    used 8062K, committed 8256K, reserved 1048576K
}
Event: 103286.737 GC heap after
{Heap after GC invocations=5287 (full 5230):
 garbage-first heap   total 122880K, used 36639K [0x00000000c0000000, 0x0000000100000000)
  region size 1024K, 0 young (0K), 0 survivors (0K)
 Metaspace       used 61744K, committed 62144K, reserved 1114112K
  class space    used 8062K, committed 8256K, reserved 1048576K
}
Event: 103296.838 GC heap before
{Heap before GC invocations=5287 (full 5230):
 garbage-first heap   total 122880K, used 36639K [0x00000000c0000000, 0x0000000100000000)
  region size 1024K, 1 young (1024K), 0 survivors (0K)
 Metaspace       used 61744K, committed 62144K, reserved 1114112K
  class space    used 8062K, committed 8256K, reserved 1048576K
}
Event: 103296.869 GC heap after
{Heap after GC invocations=5288 (full 5231):
 garbage-first heap   total 122880K, used 36639K [0x00000000c0000000, 0x0000000100000000)
  region size 1024K, 0 young (0K), 0 survivors (0K)
 Metaspace       used 61744K, committed 62144K, reserved 1114112K
  class space    used 8062K, committed 8256K, reserved 1048576K
}
Event: 103306.971 GC heap before
{Heap before GC invocations=5288 (full 5231):
 garbage-first heap   total 122880K, used 36639K [0x00000000c0000000, 0x0000000100000000)
  region size 1024K, 1 young (1024K), 0 survivors (0K)
 Metaspace       used 61744K, committed 62144K, reserved 1114112K
  class space    used 8062K, committed 8256K, reserved 1048576K
}
Event: 103307.003 GC heap after
{Heap after GC invocations=5289 (full 5232):
 garbage-first heap   total 122880K, used 36639K [0x00000000c0000000, 0x0000000100000000)
  region size 1024K, 0 young (0K), 0 survivors (0K)
 Metaspace       used 61744K, committed 62144K, reserved 1114112K
  class space    used 8062K, committed 8256K, reserved 1048576K
}

